nohup: ignoring input
🛡️ ایماندار ڈیٹیکٹر ایکٹیو ہو چکا ہے... بگز پر نظر ہے!
[H[2J[3J⚡ فائل میں تبدیلی محسوس کی گئی۔ اسکیننگ جاری ہے...
npm warn exec The following package was not found and will be installed: eslint@10.3.0

Oops! Something went wrong! :(

ESLint: 10.3.0

ESLint couldn't find an eslint.config.(js|mjs|cjs) file.

From ESLint v9.0.0, the default configuration file is now eslint.config.js.
If you are using a .eslintrc.* file, please follow the migration guide
to update your configuration file to the new format:

https://eslint.org/docs/latest/use/configure/migration-guide

If you still have problems after following the migration guide, please stop by
https://eslint.org/chat/help to chat with the team.

❌ خرابی مل گئی ہے! اوپر دیے گئے لاگ کو چیک کریں۔
[H[2J[3J⚡ فائل میں تبدیلی محسوس کی گئی۔ اسکیننگ جاری ہے...

Oops! Something went wrong! :(

ESLint: 10.3.0

ESLint couldn't find an eslint.config.(js|mjs|cjs) file.

From ESLint v9.0.0, the default configuration file is now eslint.config.js.
If you are using a .eslintrc.* file, please follow the migration guide
to update your configuration file to the new format:

https://eslint.org/docs/latest/use/configure/migration-guide

If you still have problems after following the migration guide, please stop by
https://eslint.org/chat/help to chat with the team.

❌ خرابی مل گئی ہے! اوپر دیے گئے لاگ کو چیک کریں۔
[H[2J[3J⚡ فائل میں تبدیلی محسوس کی گئی۔ اسکیننگ جاری ہے...

Oops! Something went wrong! :(

ESLint: 10.3.0

ESLint couldn't find an eslint.config.(js|mjs|cjs) file.

From ESLint v9.0.0, the default configuration file is now eslint.config.js.
If you are using a .eslintrc.* file, please follow the migration guide
to update your configuration file to the new format:

https://eslint.org/docs/latest/use/configure/migration-guide

If you still have problems after following the migration guide, please stop by
https://eslint.org/chat/help to chat with the team.

❌ خرابی مل گئی ہے! اوپر دیے گئے لاگ کو چیک کریں۔
[H[2J[3J⚡ فائل میں تبدیلی محسوس کی گئی۔ اسکیننگ جاری ہے...

Oops! Something went wrong! :(

ESLint: 10.3.0

ESLint couldn't find an eslint.config.(js|mjs|cjs) file.

From ESLint v9.0.0, the default configuration file is now eslint.config.js.
If you are using a .eslintrc.* file, please follow the migration guide
to update your configuration file to the new format:

https://eslint.org/docs/latest/use/configure/migration-guide

If you still have problems after following the migration guide, please stop by
https://eslint.org/chat/help to chat with the team.

❌ خرابی مل گئی ہے! اوپر دیے گئے لاگ کو چیک کریں۔
[H[2J[3J⚡ فائل میں تبدیلی محسوس کی گئی۔ اسکیننگ جاری ہے...

Oops! Something went wrong! :(

ESLint: 10.3.0

ESLint couldn't find an eslint.config.(js|mjs|cjs) file.

From ESLint v9.0.0, the default configuration file is now eslint.config.js.
If you are using a .eslintrc.* file, please follow the migration guide
to update your configuration file to the new format:

https://eslint.org/docs/latest/use/configure/migration-guide

If you still have problems after following the migration guide, please stop by
https://eslint.org/chat/help to chat with the team.

❌ خرابی مل گئی ہے! اوپر دیے گئے لاگ کو چیک کریں۔
[H[2J[3J⚡ فائل میں تبدیلی محسوس کی گئی۔ اسکیننگ جاری ہے...

Oops! Something went wrong! :(

ESLint: 10.3.0

ESLint couldn't find an eslint.config.(js|mjs|cjs) file.

From ESLint v9.0.0, the default configuration file is now eslint.config.js.
If you are using a .eslintrc.* file, please follow the migration guide
to update your configuration file to the new format:

https://eslint.org/docs/latest/use/configure/migration-guide

If you still have problems after following the migration guide, please stop by
https://eslint.org/chat/help to chat with the team.

❌ خرابی مل گئی ہے! اوپر دیے گئے لاگ کو چیک کریں۔
[H[2J[3J⚡ فائل میں تبدیلی محسوس کی گئی۔ اسکیننگ جاری ہے...

Oops! Something went wrong! :(

ESLint: 10.3.0

ESLint couldn't find an eslint.config.(js|mjs|cjs) file.

From ESLint v9.0.0, the default configuration file is now eslint.config.js.
If you are using a .eslintrc.* file, please follow the migration guide
to update your configuration file to the new format:

https://eslint.org/docs/latest/use/configure/migration-guide

If you still have problems after following the migration guide, please stop by
https://eslint.org/chat/help to chat with the team.

❌ خرابی مل گئی ہے! اوپر دیے گئے لاگ کو چیک کریں۔
[H[2J[3J⚡ فائل میں تبدیلی محسوس کی گئی۔ اسکیننگ جاری ہے...

Oops! Something went wrong! :(

ESLint: 10.3.0

ESLint couldn't find an eslint.config.(js|mjs|cjs) file.

From ESLint v9.0.0, the default configuration file is now eslint.config.js.
If you are using a .eslintrc.* file, please follow the migration guide
to update your configuration file to the new format:

https://eslint.org/docs/latest/use/configure/migration-guide

If you still have problems after following the migration guide, please stop by
https://eslint.org/chat/help to chat with the team.

❌ خرابی مل گئی ہے! اوپر دیے گئے لاگ کو چیک کریں۔
[H[2J[3J⚡ فائل میں تبدیلی محسوس کی گئی۔ اسکیننگ جاری ہے...

Oops! Something went wrong! :(

ESLint: 10.3.0

ESLint couldn't find an eslint.config.(js|mjs|cjs) file.

From ESLint v9.0.0, the default configuration file is now eslint.config.js.
If you are using a .eslintrc.* file, please follow the migration guide
to update your configuration file to the new format:

https://eslint.org/docs/latest/use/configure/migration-guide

If you still have problems after following the migration guide, please stop by
https://eslint.org/chat/help to chat with the team.

❌ خرابی مل گئی ہے! اوپر دیے گئے لاگ کو چیک کریں۔
[H[2J[3J⚡ فائل میں تبدیلی محسوس کی گئی۔ اسکیننگ جاری ہے...

Oops! Something went wrong! :(

ESLint: 10.3.0

ESLint couldn't find an eslint.config.(js|mjs|cjs) file.

From ESLint v9.0.0, the default configuration file is now eslint.config.js.
If you are using a .eslintrc.* file, please follow the migration guide
to update your configuration file to the new format:

https://eslint.org/docs/latest/use/configure/migration-guide

If you still have problems after following the migration guide, please stop by
https://eslint.org/chat/help to chat with the team.

❌ خرابی مل گئی ہے! اوپر دیے گئے لاگ کو چیک کریں۔
[H[2J[3J⚡ فائل میں تبدیلی محسوس کی گئی۔ اسکیننگ جاری ہے...

Oops! Something went wrong! :(

ESLint: 10.3.0

ESLint couldn't find an eslint.config.(js|mjs|cjs) file.

From ESLint v9.0.0, the default configuration file is now eslint.config.js.
If you are using a .eslintrc.* file, please follow the migration guide
to update your configuration file to the new format:

https://eslint.org/docs/latest/use/configure/migration-guide

If you still have problems after following the migration guide, please stop by
https://eslint.org/chat/help to chat with the team.

❌ خرابی مل گئی ہے! اوپر دیے گئے لاگ کو چیک کریں۔
